Moblies/build/app/intermediates/manifest_merge_blame_file/debug/manifest-merger-blame-debug-report.txt
1<?xml version="1.0" encoding="utf-8"?>
2<manifest xmlns:android="http://schemas.android.com/apk/res/android"
3    package="com.thealphamerc.flutter_twitter_clone"
4    android:versionCode="12"
5    android:versionName="1.0.7" >
6
7    <uses-sdk
8        android:minSdkVersion="21"
9        android:targetSdkVersion="34" />
10    <!--
11         Flutter needs it to communicate with the running application
12         to allow setting breakpoints, to provide hot reload, etc.
13    -->
14    <uses-permission android:name="android.permission.INTERNET" />
14-->src\main\AndroidManifest.xml:9:5-66
14-->src\main\AndroidManifest.xml:9:22-64
15    <uses-permission android:name="android.permission.CAMERA" />
15-->src\main\AndroidManifest.xml:10:5-64
15-->src\main\AndroidManifest.xml:10:22-62
16    <uses-permission android:name="android.permission.ACCESS_NETWORK_STATE" />
16-->[:firebase_analytics] AndroidManifest.xml:9:5-79
16-->[:firebase_analytics] AndroidManifest.xml:9:22-76
17    <uses-permission android:name="android.permission.WAKE_LOCK" /> <!-- Permissions options for the `notification` group -->
17-->[:firebase_analytics] AndroidManifest.xml:11:5-68
17-->[:firebase_analytics] AndroidManifest.xml:11:22-65
18    <uses-permission android:name="android.permission.POST_NOTIFICATIONS" /> <!-- Required by older versions of Google Play services to create IID tokens -->
18-->[:firebase_messaging] AndroidManifest.xml:13:5-77
18-->[:firebase_messaging] AndroidManifest.xml:13:22-74
19    <uses-permission android:name="com.google.android.c2dm.permission.RECEIVE" />
19-->[com.google.firebase:firebase-iid:21.1.0] AndroidManifest.xml:26:5-82
19-->[com.google.firebase:firebase-iid:21.1.0] AndroidManifest.xml:26:22-79
20    <uses-permission android:name="com.google.android.finsky.permission.BIND_GET_INSTALL_REFERRER_SERVICE" />
20-->[com.google.android.gms:play-services-measurement:21.2.2] AndroidManifest.xml:26:5-110
20-->[com.google.android.gms:play-services-measurement:21.2.2] AndroidManifest.xml:26:22-107
21    <uses-permission android:name="com.google.android.gms.permission.AD_ID" />
21-->[com.google.android.gms:play-services-measurement-impl:21.2.2] AndroidManifest.xml:27:5-79
21-->[com.google.android.gms:play-services-measurement-impl:21.2.2] AndroidManifest.xml:27:22-76
22
23    <permission
23-->[androidx.core:core:1.10.1] AndroidManifest.xml:22:5-24:47
24        android:name="com.thealphamerc.flutter_twitter_clone.DYNAMIC_RECEIVER_NOT_EXPORTED_PERMISSION"
24-->[androidx.core:core:1.10.1] AndroidManifest.xml:23:9-81
25        android:protectionLevel="signature" />
25-->[androidx.core:core:1.10.1] AndroidManifest.xml:24:9-44
26
27    <uses-permission android:name="com.thealphamerc.flutter_twitter_clone.DYNAMIC_RECEIVER_NOT_EXPORTED_PERMISSION" /> <!-- Don't require camera, as this requires a rear camera. This allows it to work on the Nexus 7 -->
27-->[androidx.core:core:1.10.1] AndroidManifest.xml:26:5-97
27-->[androidx.core:core:1.10.1] AndroidManifest.xml:26:22-94
28    <uses-feature
28-->[com.journeyapps:zxing-android-embedded:4.3.0] AndroidManifest.xml:25:5-27:36
29        android:name="android.hardware.camera"
29-->[com.journeyapps:zxing-android-embedded:4.3.0] AndroidManifest.xml:26:9-47
30        android:required="false" />
30-->[com.journeyapps:zxing-android-embedded:4.3.0] AndroidManifest.xml:27:9-33
31    <uses-feature
31-->[com.journeyapps:zxing-android-embedded:4.3.0] AndroidManifest.xml:28:5-30:36
32        android:name="android.hardware.camera.front"
32-->[com.journeyapps:zxing-android-embedded:4.3.0] AndroidManifest.xml:29:9-53
33        android:required="false" /> <!-- TODO replace above two with next line after Android 4.2 -->
33-->[com.journeyapps:zxing-android-embedded:4.3.0] AndroidManifest.xml:30:9-33
34    <!-- <uses-feature android:name="android.hardware.camera.any"/> -->
35    <uses-feature
35-->[com.journeyapps:zxing-android-embedded:4.3.0] AndroidManifest.xml:33:5-35:36
36        android:name="android.hardware.camera.autofocus"
36-->[com.journeyapps:zxing-android-embedded:4.3.0] AndroidManifest.xml:34:9-57
37        android:required="false" />
37-->[com.journeyapps:zxing-android-embedded:4.3.0] AndroidManifest.xml:35:9-33
38    <uses-feature
38-->[com.journeyapps:zxing-android-embedded:4.3.0] AndroidManifest.xml:36:5-38:36
39        android:name="android.hardware.camera.flash"
39-->[com.journeyapps:zxing-android-embedded:4.3.0] AndroidManifest.xml:37:9-53
40        android:required="false" />
40-->[com.journeyapps:zxing-android-embedded:4.3.0] AndroidManifest.xml:38:9-33
41    <uses-feature
41-->[com.journeyapps:zxing-android-embedded:4.3.0] AndroidManifest.xml:39:5-41:36
42        android:name="android.hardware.screen.landscape"
42-->[com.journeyapps:zxing-android-embedded:4.3.0] AndroidManifest.xml:40:9-57
43        android:required="false" />
43-->[com.journeyapps:zxing-android-embedded:4.3.0] AndroidManifest.xml:41:9-33
44    <uses-feature
44-->[com.journeyapps:zxing-android-embedded:4.3.0] AndroidManifest.xml:42:5-44:36
45        android:name="android.hardware.wifi"
45-->[com.journeyapps:zxing-android-embedded:4.3.0] AndroidManifest.xml:43:9-45
46        android:required="false" />
46-->[com.journeyapps:zxing-android-embedded:4.3.0] AndroidManifest.xml:44:9-33
47
48    <application
48-->src\main\AndroidManifest.xml:11:6-53:19
49        android:appComponentFactory="androidx.core.app.CoreComponentFactory"
49-->[androidx.core:core:1.10.1] AndroidManifest.xml:28:18-86
50        android:debuggable="true"
51        android:icon="@mipmap/ic_launcher"
51-->src\main\AndroidManifest.xml:13:9-43
52        android:label="Fwitter"
52-->src\main\AndroidManifest.xml:12:9-32
53        android:usesCleartextTraffic="true" >
53-->src\main\AndroidManifest.xml:14:9-44
54        <activity
54-->src\main\AndroidManifest.xml:16:9-47:20
55            android:name="com.thealphamerc.flutter_twitter_clone.MainActivity"
55-->src\main\AndroidManifest.xml:18:13-41
56            android:configChanges="orientation|keyboardHidden|keyboard|screenSize|smallestScreenSize|locale|layoutDirection|fontScale|screenLayout|density|uiMode"
56-->src\main\AndroidManifest.xml:21:13-163
57            android:exported="true"
57-->src\main\AndroidManifest.xml:17:13-36
58            android:hardwareAccelerated="true"
58-->src\main\AndroidManifest.xml:22:13-47
59            android:launchMode="singleTop"
59-->src\main\AndroidManifest.xml:19:13-43
60            android:theme="@style/LaunchTheme"
60-->src\main\AndroidManifest.xml:20:13-47
61            android:windowSoftInputMode="adjustResize" >
61-->src\main\AndroidManifest.xml:23:13-55
62
63            <!--
64                  Specifies an Android theme to apply to this Activity as soon as
65                 the Android process has started. This theme is visible to the user
66                 while the Flutter UI initializes. After that, this theme continues
67                 to determine the Window background behind the Flutter UI.
68            -->
69            <meta-data
69-->src\main\AndroidManifest.xml:28:13-31:17
70                android:name="io.flutter.embedding.android.NormalTheme"
70-->src\main\AndroidManifest.xml:29:15-70
71                android:resource="@style/NormalTheme" />
71-->src\main\AndroidManifest.xml:30:15-52
72            <!--
73                 Displays an Android View that continues showing the launch screen
74                 Drawable until Flutter paints its first frame, then this splash
75                 screen fades out. A splash screen is useful to avoid any visual
76                 gap between the end of Android's launch screen and the painting of
77                 Flutter's first frame.
78            -->
79            <meta-data
79-->src\main\AndroidManifest.xml:37:13-40:17
80                android:name="io.flutter.embedding.android.SplashScreenDrawable"
80-->src\main\AndroidManifest.xml:38:15-79
81                android:resource="@drawable/launch_background" />
81-->src\main\AndroidManifest.xml:39:15-61
82            <meta-data
82-->src\main\AndroidManifest.xml:41:13-42:64
83                android:name="io.flutter.network-policy"
83-->src\main\AndroidManifest.xml:41:24-64
84                android:resource="@xml/network_security_config" />
84-->src\main\AndroidManifest.xml:42:15-62
85
86            <intent-filter>
86-->src\main\AndroidManifest.xml:43:13-46:29
87                <action android:name="android.intent.action.MAIN" />
87-->src\main\AndroidManifest.xml:44:17-68
87-->src\main\AndroidManifest.xml:44:25-66
88
89                <category android:name="android.intent.category.LAUNCHER" />
89-->src\main\AndroidManifest.xml:45:17-76
89-->src\main\AndroidManifest.xml:45:27-74
90            </intent-filter>
91        </activity>
92        <!--
93             Don't delete the meta-data below.
94             This is used by the Flutter tool to generate GeneratedPluginRegistrant.java
95        -->
96        <meta-data
96-->src\main\AndroidManifest.xml:50:9-52:33
97            android:name="flutterEmbedding"
97-->src\main\AndroidManifest.xml:51:13-44
98            android:value="2" />
98-->src\main\AndroidManifest.xml:52:13-30
99
100        <service
100-->[:cloud_firestore] AndroidManifest.xml:10:9-14:19
101            android:name="com.google.firebase.components.ComponentDiscoveryService"
101-->[:cloud_firestore] AndroidManifest.xml:10:18-89
102            android:directBootAware="true"
102-->[com.google.firebase:firebase-common:20.3.2] AndroidManifest.xml:34:13-43
103            android:exported="false" >
103-->[com.google.firebase:firebase-firestore:24.6.0] AndroidManifest.xml:18:13-37
104            <meta-data
104-->[:cloud_firestore] AndroidManifest.xml:11:13-13:85
105                android:name="com.google.firebase.components:io.flutter.plugins.firebase.firestore.FlutterFirebaseFirestoreRegistrar"
105-->[:cloud_firestore] AndroidManifest.xml:12:17-134
106                android:value="com.google.firebase.components.ComponentRegistrar" />
106-->[:cloud_firestore] AndroidManifest.xml:13:17-82
107            <meta-data
107-->[:firebase_analytics] AndroidManifest.xml:15:13-17:85
108                android:name="com.google.firebase.components:io.flutter.plugins.firebase.analytics.FlutterFirebaseAppRegistrar"
108-->[:firebase_analytics] AndroidManifest.xml:16:17-128
109                android:value="com.google.firebase.components.ComponentRegistrar" />
109-->[:firebase_analytics] AndroidManifest.xml:17:17-82
110            <meta-data
110-->[:firebase_auth] AndroidManifest.xml:11:13-13:85
111                android:name="com.google.firebase.components:io.flutter.plugins.firebase.auth.FlutterFirebaseAuthRegistrar"
111-->[:firebase_auth] AndroidManifest.xml:12:17-124
112                android:value="com.google.firebase.components.ComponentRegistrar" />
112-->[:firebase_auth] AndroidManifest.xml:13:17-82
113            <meta-data
113-->[:firebase_database] AndroidManifest.xml:11:13-13:85
114                android:name="com.google.firebase.components:io.flutter.plugins.firebase.database.FlutterFirebaseAppRegistrar"
114-->[:firebase_database] AndroidManifest.xml:12:17-127
115                android:value="com.google.firebase.components.ComponentRegistrar" />
115-->[:firebase_database] AndroidManifest.xml:13:17-82
116            <meta-data
116-->[:firebase_dynamic_links] AndroidManifest.xml:13:13-15:85
117                android:name="com.google.firebase.components:io.flutter.plugins.firebase.dynamiclinks.FlutterFirebaseAppRegistrar"
117-->[:firebase_dynamic_links] AndroidManifest.xml:14:17-131
118                android:value="com.google.firebase.components.ComponentRegistrar" />
118-->[:firebase_dynamic_links] AndroidManifest.xml:15:17-82
119            <meta-data
119-->[:firebase_messaging] AndroidManifest.xml:38:13-40:85
120                android:name="com.google.firebase.components:io.flutter.plugins.firebase.messaging.FlutterFirebaseAppRegistrar"
120-->[:firebase_messaging] AndroidManifest.xml:39:17-128
121                android:value="com.google.firebase.components.ComponentRegistrar" />
121-->[:firebase_messaging] AndroidManifest.xml:40:17-82
122            <meta-data
122-->[:firebase_remote_config] AndroidManifest.xml:11:13-13:85
123                android:name="com.google.firebase.components:io.flutter.plugins.firebase.firebaseremoteconfig.FlutterFirebaseAppRegistrar"
123-->[:firebase_remote_config] AndroidManifest.xml:12:17-139
124                android:value="com.google.firebase.components.ComponentRegistrar" />
124-->[:firebase_remote_config] AndroidManifest.xml:13:17-82
125            <meta-data
125-->[:firebase_storage] AndroidManifest.xml:11:13-13:85
126                android:name="com.google.firebase.components:io.flutter.plugins.firebase.storage.FlutterFirebaseAppRegistrar"
126-->[:firebase_storage] AndroidManifest.xml:12:17-126
127                android:value="com.google.firebase.components.ComponentRegistrar" />
127-->[:firebase_storage] AndroidManifest.xml:13:17-82
128            <meta-data
128-->[:firebase_core] AndroidManifest.xml:11:13-13:85
129                android:name="com.google.firebase.components:io.flutter.plugins.firebase.core.FlutterFirebaseCoreRegistrar"
129-->[:firebase_core] AndroidManifest.xml:12:17-124
130                android:value="com.google.firebase.components.ComponentRegistrar" />
130-->[:firebase_core] AndroidManifest.xml:13:17-82
131            <meta-data
131-->[com.google.firebase:firebase-firestore:24.6.0] AndroidManifest.xml:19:13-21:85
132                android:name="com.google.firebase.components:com.google.firebase.firestore.FirestoreRegistrar"
132-->[com.google.firebase:firebase-firestore:24.6.0] AndroidManifest.xml:20:17-111
133                android:value="com.google.firebase.components.ComponentRegistrar" />
133-->[com.google.firebase:firebase-firestore:24.6.0] AndroidManifest.xml:21:17-82
134            <meta-data
134-->[com.google.firebase:firebase-auth:22.0.0] AndroidManifest.xml:69:13-71:85
135                android:name="com.google.firebase.components:com.google.firebase.auth.FirebaseAuthRegistrar"
135-->[com.google.firebase:firebase-auth:22.0.0] AndroidManifest.xml:70:17-109
136                android:value="com.google.firebase.components.ComponentRegistrar" />
136-->[com.google.firebase:firebase-auth:22.0.0] AndroidManifest.xml:71:17-82
137            <meta-data
137-->[com.google.firebase:firebase-iid:21.1.0] AndroidManifest.xml:32:13-34:85
138                android:name="com.google.firebase.components:com.google.firebase.iid.Registrar"
138-->[com.google.firebase:firebase-iid:21.1.0] AndroidManifest.xml:33:17-96
139                android:value="com.google.firebase.components.ComponentRegistrar" />
139-->[com.google.firebase:firebase-iid:21.1.0] AndroidManifest.xml:34:17-82
140            <meta-data
140-->[com.google.firebase:firebase-messaging:23.1.2] AndroidManifest.xml:55:13-57:85
141                android:name="com.google.firebase.components:com.google.firebase.messaging.FirebaseMessagingRegistrar"
141-->[com.google.firebase:firebase-messaging:23.1.2] AndroidManifest.xml:56:17-119
142                android:value="com.google.firebase.components.ComponentRegistrar" />
142-->[com.google.firebase:firebase-messaging:23.1.2] AndroidManifest.xml:57:17-82
143            <meta-data
143-->[com.google.firebase:firebase-dynamic-links:21.1.0] AndroidManifest.xml:26:13-28:85
144                android:name="com.google.firebase.components:com.google.firebase.dynamiclinks.internal.FirebaseDynamicLinkRegistrar"
144-->[com.google.firebase:firebase-dynamic-links:21.1.0] AndroidManifest.xml:27:17-133
145                android:value="com.google.firebase.components.ComponentRegistrar" />
145-->[com.google.firebase:firebase-dynamic-links:21.1.0] AndroidManifest.xml:28:17-82
146            <meta-data
146-->[com.google.firebase:firebase-config:21.4.0] AndroidManifest.xml:31:13-33:85
147                android:name="com.google.firebase.components:com.google.firebase.remoteconfig.RemoteConfigRegistrar"
147-->[com.google.firebase:firebase-config:21.4.0] AndroidManifest.xml:32:17-117
148                android:value="com.google.firebase.components.ComponentRegistrar" />
148-->[com.google.firebase:firebase-config:21.4.0] AndroidManifest.xml:33:17-82
149            <meta-data
149-->[com.google.firebase:firebase-storage:20.2.0] AndroidManifest.xml:32:13-34:85
150                android:name="com.google.firebase.components:com.google.firebase.storage.StorageRegistrar"
150-->[com.google.firebase:firebase-storage:20.2.0] AndroidManifest.xml:33:17-107
151                android:value="com.google.firebase.components.ComponentRegistrar" />
151-->[com.google.firebase:firebase-storage:20.2.0] AndroidManifest.xml:34:17-82
152            <meta-data
152-->[com.google.firebase:firebase-database:20.2.1] AndroidManifest.xml:31:13-33:85
153                android:name="com.google.firebase.components:com.google.firebase.database.DatabaseRegistrar"
153-->[com.google.firebase:firebase-database:20.2.1] AndroidManifest.xml:32:17-109
154                android:value="com.google.firebase.components.ComponentRegistrar" />
154-->[com.google.firebase:firebase-database:20.2.1] AndroidManifest.xml:33:17-82
155            <meta-data
155-->[com.google.android.gms:play-services-measurement-api:21.2.2] AndroidManifest.xml:31:13-33:85
156                android:name="com.google.firebase.components:com.google.firebase.analytics.connector.internal.AnalyticsConnectorRegistrar"
156-->[com.google.android.gms:play-services-measurement-api:21.2.2] AndroidManifest.xml:32:17-139
157                android:value="com.google.firebase.components.ComponentRegistrar" />
157-->[com.google.android.gms:play-services-measurement-api:21.2.2] AndroidManifest.xml:33:17-82
158            <meta-data
158-->[com.google.firebase:firebase-installations:17.1.3] AndroidManifest.xml:17:13-19:85
159                android:name="com.google.firebase.components:com.google.firebase.installations.FirebaseInstallationsRegistrar"
159-->[com.google.firebase:firebase-installations:17.1.3] AndroidManifest.xml:18:17-127
160                android:value="com.google.firebase.components.ComponentRegistrar" />
160-->[com.google.firebase:firebase-installations:17.1.3] AndroidManifest.xml:19:17-82
161            <meta-data
161-->[com.google.firebase:firebase-abt:21.1.1] AndroidManifest.xml:12:13-14:85
162                android:name="com.google.firebase.components:com.google.firebase.abt.component.AbtRegistrar"
162-->[com.google.firebase:firebase-abt:21.1.1] AndroidManifest.xml:13:17-109
163                android:value="com.google.firebase.components.ComponentRegistrar" />
163-->[com.google.firebase:firebase-abt:21.1.1] AndroidManifest.xml:14:17-82
164            <meta-data
164-->[com.google.firebase:firebase-datatransport:18.1.7] AndroidManifest.xml:27:13-29:85
165                android:name="com.google.firebase.components:com.google.firebase.datatransport.TransportRegistrar"
165-->[com.google.firebase:firebase-datatransport:18.1.7] AndroidManifest.xml:28:17-115
166                android:value="com.google.firebase.components.ComponentRegistrar" />
166-->[com.google.firebase:firebase-datatransport:18.1.7] AndroidManifest.xml:29:17-82
167        </service>
168        <service
168-->[:firebase_messaging] AndroidManifest.xml:16:9-19:72
169            android:name="io.flutter.plugins.firebase.messaging.FlutterFirebaseMessagingBackgroundService"
169-->[:firebase_messaging] AndroidManifest.xml:17:13-107
170            android:exported="false"
170-->[:firebase_messaging] AndroidManifest.xml:18:13-37
171            android:permission="android.permission.BIND_JOB_SERVICE" />
171-->[:firebase_messaging] AndroidManifest.xml:19:13-69
172        <service
172-->[:firebase_messaging] AndroidManifest.xml:20:9-26:19
173            android:name="io.flutter.plugins.firebase.messaging.FlutterFirebaseMessagingService"
173-->[:firebase_messaging] AndroidManifest.xml:21:13-97
174            android:exported="false" >
174-->[:firebase_messaging] AndroidManifest.xml:22:13-37
175            <intent-filter>
175-->[:firebase_messaging] AndroidManifest.xml:23:13-25:29
176                <action android:name="com.google.firebase.MESSAGING_EVENT" />
176-->[:firebase_messaging] AndroidManifest.xml:24:17-78
176-->[:firebase_messaging] AndroidManifest.xml:24:25-75
177            </intent-filter>
178        </service>
179
180        <receiver
180-->[:firebase_messaging] AndroidManifest.xml:28:9-35:20
181            android:name="io.flutter.plugins.firebase.messaging.FlutterFirebaseMessagingReceiver"
181-->[:firebase_messaging] AndroidManifest.xml:29:13-98
182            android:exported="true"
182-->[:firebase_messaging] AndroidManifest.xml:30:13-36
183            android:permission="com.google.android.c2dm.permission.SEND" >
183-->[:firebase_messaging] AndroidManifest.xml:31:13-73
184            <intent-filter>
184-->[:firebase_messaging] AndroidManifest.xml:32:13-34:29
185                <action android:name="com.google.android.c2dm.intent.RECEIVE" />
185-->[:firebase_messaging] AndroidManifest.xml:33:17-81
185-->[:firebase_messaging] AndroidManifest.xml:33:25-78
186            </intent-filter>
187        </receiver>
188
189        <provider
189-->[:firebase_messaging] AndroidManifest.xml:43:9-47:38
190            android:name="io.flutter.plugins.firebase.messaging.FlutterFirebaseMessagingInitProvider"
190-->[:firebase_messaging] AndroidManifest.xml:44:13-102
191            android:authorities="com.thealphamerc.flutter_twitter_clone.flutterfirebasemessaginginitprovider"
191-->[:firebase_messaging] AndroidManifest.xml:45:13-88
192            android:exported="false"
192-->[:firebase_messaging] AndroidManifest.xml:46:13-37
193            android:initOrder="99" />
193-->[:firebase_messaging] AndroidManifest.xml:47:13-35
194        <provider
194-->[:image_picker_android] AndroidManifest.xml:10:9-18:20
195            android:name="io.flutter.plugins.imagepicker.ImagePickerFileProvider"
195-->[:image_picker_android] AndroidManifest.xml:11:13-82
196            android:authorities="com.thealphamerc.flutter_twitter_clone.flutter.image_provider"
196-->[:image_picker_android] AndroidManifest.xml:12:13-74
197            android:exported="false"
197-->[:image_picker_android] AndroidManifest.xml:13:13-37
198            android:grantUriPermissions="true" >
198-->[:image_picker_android] AndroidManifest.xml:14:13-47
199            <meta-data
199-->[:image_picker_android] AndroidManifest.xml:15:13-17:75
200                android:name="android.support.FILE_PROVIDER_PATHS"
200-->[:image_picker_android] AndroidManifest.xml:16:17-67
201                android:resource="@xml/flutter_image_picker_file_paths" />
201-->[:image_picker_android] AndroidManifest.xml:17:17-72
202        </provider>
203        <!--
204           Declares a provider which allows us to store files to share in
205           '.../caches/share_plus' and grant the receiving action access
206        -->
207        <provider
207-->[:share_plus] AndroidManifest.xml:15:9-23:20
208            android:name="dev.fluttercommunity.plus.share.ShareFileProvider"
208-->[:share_plus] AndroidManifest.xml:16:13-77
209            android:authorities="com.thealphamerc.flutter_twitter_clone.flutter.share_provider"
209-->[:share_plus] AndroidManifest.xml:17:13-74
210            android:exported="false"
210-->[:share_plus] AndroidManifest.xml:18:13-37
211            android:grantUriPermissions="true" >
211-->[:share_plus] AndroidManifest.xml:19:13-47
212            <meta-data
212-->[:image_picker_android] AndroidManifest.xml:15:13-17:75
213                android:name="android.support.FILE_PROVIDER_PATHS"
213-->[:image_picker_android] AndroidManifest.xml:16:17-67
214                android:resource="@xml/flutter_share_file_paths" />
214-->[:image_picker_android] AndroidManifest.xml:17:17-72
215        </provider>
216        <!--
217           This manifest declared broadcast receiver allows us to use an explicit
218           Intent when creating a PendingItent to be informed of the user's choice
219        -->
220        <receiver
220-->[:share_plus] AndroidManifest.xml:28:9-34:20
221            android:name="dev.fluttercommunity.plus.share.SharePlusPendingIntent"
221-->[:share_plus] AndroidManifest.xml:29:13-82
222            android:exported="false" >
222-->[:share_plus] AndroidManifest.xml:30:13-37
223            <intent-filter>
223-->[:share_plus] AndroidManifest.xml:31:13-33:29
224                <action android:name="EXTRA_CHOSEN_COMPONENT" />
224-->[:share_plus] AndroidManifest.xml:32:17-65
224-->[:share_plus] AndroidManifest.xml:32:25-62
225            </intent-filter>
226        </receiver>
227
228        <activity
228-->[:url_launcher_android] AndroidManifest.xml:10:9-13:74
229            android:name="io.flutter.plugins.urllauncher.WebViewActivity"
229-->[:url_launcher_android] AndroidManifest.xml:11:13-74
230            android:exported="false"
230-->[:url_launcher_android] AndroidManifest.xml:12:13-37
231            android:theme="@android:style/Theme.NoTitleBar.Fullscreen" />
231-->[:url_launcher_android] AndroidManifest.xml:13:13-71
232        <activity
232-->[com.google.firebase:firebase-auth:22.0.0] AndroidManifest.xml:29:9-46:20
233            android:name="com.google.firebase.auth.internal.GenericIdpActivity"
233-->[com.google.firebase:firebase-auth:22.0.0] AndroidManifest.xml:30:13-80
234            android:excludeFromRecents="true"
234-->[com.google.firebase:firebase-auth:22.0.0] AndroidManifest.xml:31:13-46
235            android:exported="true"
235-->[com.google.firebase:firebase-auth:22.0.0] AndroidManifest.xml:32:13-36
236            android:launchMode="singleTask"
236-->[com.google.firebase:firebase-auth:22.0.0] AndroidManifest.xml:33:13-44
237            android:theme="@android:style/Theme.Translucent.NoTitleBar" >
237-->[com.google.firebase:firebase-auth:22.0.0] AndroidManifest.xml:34:13-72
238            <intent-filter>
238-->[com.google.firebase:firebase-auth:22.0.0] AndroidManifest.xml:35:13-45:29
239                <action android:name="android.intent.action.VIEW" />
239-->[com.google.firebase:firebase-auth:22.0.0] AndroidManifest.xml:36:17-69
239-->[com.google.firebase:firebase-auth:22.0.0] AndroidManifest.xml:36:25-66
240
241                <category android:name="android.intent.category.DEFAULT" />
241-->[com.google.firebase:firebase-auth:22.0.0] AndroidManifest.xml:38:17-76
241-->[com.google.firebase:firebase-auth:22.0.0] AndroidManifest.xml:38:27-73
242                <category android:name="android.intent.category.BROWSABLE" />
242-->[com.google.firebase:firebase-auth:22.0.0] AndroidManifest.xml:39:17-78
242-->[com.google.firebase:firebase-auth:22.0.0] AndroidManifest.xml:39:27-75
243
244                <data
244-->[com.google.firebase:firebase-auth:22.0.0] AndroidManifest.xml:41:17-44:51
245                    android:host="firebase.auth"
245-->[com.google.firebase:firebase-auth:22.0.0] AndroidManifest.xml:42:21-49
246                    android:path="/"
246-->[com.google.firebase:firebase-auth:22.0.0] AndroidManifest.xml:43:21-37
247                    android:scheme="genericidp" />
247-->[com.google.firebase:firebase-auth:22.0.0] AndroidManifest.xml:44:21-48
248            </intent-filter>
249        </activity>
250        <activity
250-->[com.google.firebase:firebase-auth:22.0.0] AndroidManifest.xml:47:9-64:20
251            android:name="com.google.firebase.auth.internal.RecaptchaActivity"
251-->[com.google.firebase:firebase-auth:22.0.0] AndroidManifest.xml:48:13-79
252            android:excludeFromRecents="true"
252-->[com.google.firebase:firebase-auth:22.0.0] AndroidManifest.xml:49:13-46
253            android:exported="true"
253-->[com.google.firebase:firebase-auth:22.0.0] AndroidManifest.xml:50:13-36
254            android:launchMode="singleTask"
254-->[com.google.firebase:firebase-auth:22.0.0] AndroidManifest.xml:51:13-44
255            android:theme="@android:style/Theme.Translucent.NoTitleBar" >
255-->[com.google.firebase:firebase-auth:22.0.0] AndroidManifest.xml:52:13-72
256            <intent-filter>
256-->[com.google.firebase:firebase-auth:22.0.0] AndroidManifest.xml:53:13-63:29
257                <action android:name="android.intent.action.VIEW" />
257-->[com.google.firebase:firebase-auth:22.0.0] AndroidManifest.xml:36:17-69
257-->[com.google.firebase:firebase-auth:22.0.0] AndroidManifest.xml:36:25-66
258
259                <category android:name="android.intent.category.DEFAULT" />
259-->[com.google.firebase:firebase-auth:22.0.0] AndroidManifest.xml:38:17-76
259-->[com.google.firebase:firebase-auth:22.0.0] AndroidManifest.xml:38:27-73
260                <category android:name="android.intent.category.BROWSABLE" />
260-->[com.google.firebase:firebase-auth:22.0.0] AndroidManifest.xml:39:17-78
260-->[com.google.firebase:firebase-auth:22.0.0] AndroidManifest.xml:39:27-75
261
262                <data
262-->[com.google.firebase:firebase-auth:22.0.0] AndroidManifest.xml:41:17-44:51
263                    android:host="firebase.auth"
263-->[com.google.firebase:firebase-auth:22.0.0] AndroidManifest.xml:42:21-49
264                    android:path="/"
264-->[com.google.firebase:firebase-auth:22.0.0] AndroidManifest.xml:43:21-37
265                    android:scheme="recaptcha" />
265-->[com.google.firebase:firebase-auth:22.0.0] AndroidManifest.xml:44:21-48
266            </intent-filter>
267        </activity>
268
269        <receiver
269-->[com.google.android.gms:play-services-measurement:21.2.2] AndroidManifest.xml:29:9-33:20
270            android:name="com.google.android.gms.measurement.AppMeasurementReceiver"
270-->[com.google.android.gms:play-services-measurement:21.2.2] AndroidManifest.xml:30:13-85
271            android:enabled="true"
271-->[com.google.android.gms:play-services-measurement:21.2.2] AndroidManifest.xml:31:13-35
272            android:exported="false" >